{"total": {"lines":{"total":112,"covered":112,"skipped":0,"pct":100},"statements":{"total":138,"covered":138,"skipped":0,"pct":100},"functions":{"total":29,"covered":29,"skipped":0,"pct":100},"branches":{"total":36,"covered":36,"skipped":0,"pct":100}}
,"/Users/ericpinxteren/sites/triviality/src/ContainerError.ts": {"lines":{"total":12,"covered":12,"skipped":0,"pct":100},"functions":{"total":6,"covered":6,"skipped":0,"pct":100},"statements":{"total":14,"covered":14,"skipped":0,"pct":100},"branches":{"total":0,"covered":0,"skipped":0,"pct":100}}
,"/Users/ericpinxteren/sites/triviality/src/ContainerFactory.ts": {"lines":{"total":60,"covered":60,"skipped":0,"pct":100},"functions":{"total":18,"covered":18,"skipped":0,"pct":100},"statements":{"total":83,"covered":83,"skipped":0,"pct":100},"branches":{"total":16,"covered":16,"skipped":0,"pct":100}}
,"/Users/ericpinxteren/sites/triviality/src/Registry.ts": {"lines":{"total":27,"covered":27,"skipped":0,"pct":100},"functions":{"total":3,"covered":3,"skipped":0,"pct":100},"statements":{"total":28,"covered":28,"skipped":0,"pct":100},"branches":{"total":18,"covered":18,"skipped":0,"pct":100}}
,"/Users/ericpinxteren/sites/triviality/src/index.ts": {"lines":{"total":1,"covered":1,"skipped":0,"pct":100},"functions":{"total":0,"covered":0,"skipped":0,"pct":100},"statements":{"total":1,"covered":1,"skipped":0,"pct":100},"branches":{"total":0,"covered":0,"skipped":0,"pct":100}}
,"/Users/ericpinxteren/sites/triviality/src/util/getAllPropertyNames.ts": {"lines":{"total":12,"covered":12,"skipped":0,"pct":100},"functions":{"total":2,"covered":2,"skipped":0,"pct":100},"statements":{"total":12,"covered":12,"skipped":0,"pct":100},"branches":{"total":2,"covered":2,"skipped":0,"pct":100}}
}
