TN:
SF:/Users/ericpinxteren/sites/triviality/src/ContainerError.ts
FN:1,(anonymous_6)
FN:3,(anonymous_8)
FN:7,(anonymous_9)
FN:11,(anonymous_10)
FN:15,(anonymous_11)
FN:19,(anonymous_12)
FNF:6
FNH:6
FNDA:16,(anonymous_6)
FNDA:2,(anonymous_8)
FNDA:2,(anonymous_9)
FNDA:2,(anonymous_10)
FNDA:4,(anonymous_11)
FNDA:3,(anonymous_12)
DA:1,2
DA:3,2
DA:4,2
DA:7,2
DA:8,2
DA:11,2
DA:12,2
DA:15,2
DA:16,4
DA:19,2
DA:20,3
DA:22,2
LF:12
LH:12
BRF:0
BRH:0
end_of_record
TN:
SF:/Users/ericpinxteren/sites/triviality/src/ContainerFactory.ts
FN:17,(anonymous_13)
FN:27,ContainerFactory
FN:19,(anonymous_15)
FN:43,(anonymous_16)
FN:53,(anonymous_17)
FN:63,(anonymous_20)
FN:71,(anonymous_21)
FN:74,(anonymous_22)
FN:75,(anonymous_23)
FN:75,(anonymous_24)
FN:76,(anonymous_25)
FN:76,(anonymous_26)
FN:92,(anonymous_27)
FN:100,(anonymous_28)
FN:108,(anonymous_29)
FN:116,(anonymous_30)
FN:116,(anonymous_31)
FN:119,(anonymous_32)
FNF:18
FNH:18
FNDA:1,(anonymous_13)
FNDA:15,ContainerFactory
FNDA:15,(anonymous_15)
FNDA:20,(anonymous_16)
FNDA:15,(anonymous_17)
FNDA:14,(anonymous_20)
FNDA:7,(anonymous_21)
FNDA:4,(anonymous_22)
FNDA:4,(anonymous_23)
FNDA:6,(anonymous_24)
FNDA:10,(anonymous_25)
FNDA:1,(anonymous_26)
FNDA:21,(anonymous_27)
FNDA:35,(anonymous_28)
FNDA:57,(anonymous_29)
FNDA:85,(anonymous_30)
FNDA:1,(anonymous_31)
FNDA:14,(anonymous_32)
DA:9,1
DA:10,1
DA:11,1
DA:12,1
DA:17,1
DA:19,1
DA:20,15
DA:21,15
DA:24,15
DA:25,15
DA:27,15
DA:43,22
DA:44,20
DA:45,1
DA:47,21
DA:48,21
DA:50,18
DA:53,1
DA:54,15
DA:55,1
DA:57,14
DA:58,14
DA:59,14
DA:60,14
DA:63,14
DA:64,14
DA:65,19
DA:66,19
DA:67,6
DA:70,14
DA:71,14
DA:74,14
DA:75,6
DA:76,10
DA:80,19
DA:81,19
DA:82,6
DA:87,14
DA:88,4
DA:92,1
DA:93,21
DA:94,50
DA:95,50
DA:96,50
DA:97,7
DA:99,43
DA:100,36
DA:101,35
DA:103,7
DA:108,1
DA:109,57
DA:111,5
DA:112,4
DA:114,1
DA:116,85
DA:119,1
DA:120,19
DA:121,18
DA:122,1
DA:126,1
LF:60
LH:60
BRDA:44,0,0,1
BRDA:44,0,1,19
BRDA:54,1,0,1
BRDA:54,1,1,14
BRDA:66,2,0,6
BRDA:66,2,1,13
BRDA:81,3,0,6
BRDA:81,3,1,13
BRDA:96,4,0,7
BRDA:96,4,1,43
BRDA:99,5,0,36
BRDA:99,5,1,7
BRDA:109,6,0,5
BRDA:109,6,1,52
BRDA:111,7,0,4
BRDA:111,7,1,1
BRF:16
BRH:16
end_of_record
TN:
SF:/Users/ericpinxteren/sites/triviality/src/Registry.ts
FN:13,mergeRegistries
FN:14,(anonymous_1)
FN:24,mergeRegistryValues
FNF:3
FNH:3
FNDA:8,mergeRegistries
FNDA:10,(anonymous_1)
FNDA:13,mergeRegistryValues
DA:1,2
DA:13,2
DA:14,8
DA:15,10
DA:16,6
DA:18,10
DA:19,10
DA:21,8
DA:24,2
DA:25,13
DA:26,21
DA:27,21
DA:28,12
DA:29,7
DA:30,5
DA:31,3
DA:33,2
DA:36,9
DA:37,6
DA:38,2
DA:40,4
DA:42,3
DA:43,2
DA:45,1
DA:49,7
DA:50,1
DA:52,6
LF:27
LH:27
BRDA:15,0,0,6
BRDA:15,0,1,4
BRDA:27,1,0,12
BRDA:27,1,1,9
BRDA:28,2,0,7
BRDA:28,2,1,5
BRDA:30,3,0,3
BRDA:30,3,1,2
BRDA:36,4,0,6
BRDA:36,4,1,3
BRDA:37,5,0,2
BRDA:37,5,1,4
BRDA:42,6,0,2
BRDA:42,6,1,1
BRDA:42,7,0,3
BRDA:42,7,1,2
BRDA:49,8,0,1
BRDA:49,8,1,6
BRF:18
BRH:18
end_of_record
TN:
SF:/Users/ericpinxteren/sites/triviality/src/index.ts
FNF:0
FNH:0
DA:2,1
LF:1
LH:1
BRF:0
BRH:0
end_of_record
TN:
SF:/Users/ericpinxteren/sites/triviality/src/util/getAllPropertyNames.ts
FN:4,getAllPropertyNames
FN:11,(anonymous_1)
FNF:2
FNH:2
FNDA:22,getAllPropertyNames
FNDA:338,(anonymous_1)
DA:4,2
DA:5,22
DA:6,22
DA:7,22
DA:8,22
DA:9,65
DA:10,65
DA:12,338
DA:13,286
DA:15,52
DA:17,65
DA:19,22
LF:12
LH:12
BRDA:12,0,0,286
BRDA:12,0,1,52
BRF:2
BRH:2
end_of_record
